<?xml version="1.0" encoding="UTF-8"?>
<coverage generated="1427885890548" clover="4.0.1">
   <project timestamp="1427885845556" name="c2c-common 0.9.6">
      <metrics conditionals="792" methods="499" classes="63" files="62" packages="6" coveredstatements="1823" complexity="1045" loc="9316" ncloc="4658" coveredmethods="488" coveredconditionals="526" statements="2104" coveredelements="2837" elements="3395"/>
      <package name="org.certificateservices.custom.c2x.its.datastructs.basic">
         <metrics classes="29" methods="232" conditionals="398" files="28" ncloc="1826" coveredstatements="732" coveredmethods="228" complexity="471" coveredconditionals="262" statements="858" loc="3551" coveredelements="1222" elements="1488"/>
         <file name="CircularRegion.java" path="/usr/local/buildserver/apps/bambo/atlassian-bamboo-5.7.2/home/xml-data/build-dir/CCCOM-TTR-PTG/src/main/java/org/certificateservices/custom/c2x/its/datastructs/basic/CircularRegion.java">
            <metrics classes="1" methods="9" conditionals="18" ncloc="69" coveredstatements="29" coveredmethods="8" complexity="18" coveredconditionals="12" statements="34" loc="127" coveredelements="49" elements="61"/>
            <class name="CircularRegion">
               <metrics methods="9" conditionals="18" coveredstatements="29" coveredmethods="8" complexity="18" coveredconditionals="12" statements="34" coveredelements="49" elements="61"/>
            </class>
            <line num="43" count="21" visibility="public" complexity="2" type="method" signature="CircularRegion(TwoDLocation,int)"/>
            <line num="44" count="21" type="stmt"/>
            <line num="44" falsecount="20" type="cond" truecount="1"/>
            <line num="45" count="1" type="stmt"/>
            <line num="47" count="20" type="stmt"/>
            <line num="48" count="20" type="stmt"/>
            <line num="56" count="6" visibility="public" complexity="1" type="method" signature="CircularRegion()"/>
            <line num="63" count="6" visibility="public" complexity="1" type="method" signature="getCenter() : TwoDLocation"/>
            <line num="64" count="6" type="stmt"/>
            <line num="71" count="0" visibility="public" complexity="1" type="method" signature="getLongitude() : int"/>
            <line num="72" count="0" type="stmt"/>
            <line num="76" count="7" visibility="public" complexity="1" type="method" signature="serialize(DataOutputStream) : void"/>
            <line num="78" count="7" type="stmt"/>
            <line num="79" count="7" type="stmt"/>
            <line num="82" count="6" visibility="public" complexity="1" type="method" signature="deserialize(DataInputStream) : void"/>
            <line num="84" count="6" type="stmt"/>
            <line num="85" count="6" type="stmt"/>
            <line num="86" count="6" type="stmt"/>
            <line num="87" count="6" type="stmt"/>
            <line num="88" count="6" type="stmt"/>
            <line num="92" count="13" visibility="public" complexity="2" type="method" signature="hashCode() : int"/>
            <line num="94" count="13" type="stmt"/>
            <line num="95" count="13" type="stmt"/>
            <line num="96" count="13" type="stmt"/>
            <line num="96" falsecount="13" type="cond" truecount="0"/>
            <line num="97" count="13" type="stmt"/>
            <line num="98" count="13" type="stmt"/>
            <line num="102" count="7" visibility="public" complexity="8" type="method" signature="equals(Object) : boolean"/>
            <line num="104" count="7" type="stmt"/>
            <line num="104" falsecount="7" type="cond" truecount="0"/>
            <line num="105" count="0" type="stmt"/>
            <line num="106" count="7" type="stmt"/>
            <line num="106" falsecount="3" type="cond" truecount="4"/>
            <line num="107" count="4" type="stmt"/>
            <line num="108" count="3" type="stmt"/>
            <line num="108" falsecount="3" type="cond" truecount="0"/>
            <line num="109" count="0" type="stmt"/>
            <line num="110" count="3" type="stmt"/>
            <line num="111" count="3" type="stmt"/>
            <line num="111" falsecount="3" type="cond" truecount="0"/>
            <line num="112" count="0" type="stmt"/>
            <line num="112" falsecount="0" type="cond" truecount="0"/>
            <line num="113" count="0" type="stmt"/>
            <line num="114" count="3" type="stmt"/>
            <line num="114" falsecount="2" type="cond" truecount="1"/>
            <line num="115" count="1" type="stmt"/>
            <line num="116" count="2" type="stmt"/>
            <line num="116" falsecount="1" type="cond" truecount="1"/>
            <line num="117" count="1" type="stmt"/>
            <line num="118" count="1" type="stmt"/>
            <line num="122" count="3" visibility="public" complexity="1" type="method" signature="toString() : String"/>
            <line num="124" count="3" type="stmt"/>
         </file>
         <file name="CrlSeries.java" path="/usr/local/buildserver/apps/bambo/atlassian-bamboo-5.7.2/home/xml-data/build-dir/CCCOM-TTR-PTG/src/main/java/org/certificateservices/custom/c2x/its/datastructs/basic/CrlSeries.java">
            <metrics classes="1" methods="8" conditionals="8" ncloc="51" coveredstatements="18" coveredmethods="8" complexity="12" coveredconditionals="5" statements="21" loc="95" coveredelements="31" elements="37"/>
            <class name="CrlSeries">
               <metrics methods="8" conditionals="8" coveredstatements="18" coveredmethods="8" complexity="12" coveredconditionals="5" statements="21" coveredelements="31" elements="37"/>
            </class>
            <line num="37" count="7" visibility="public" complexity="1" type="method" signature="CrlSeries(long)"/>
            <line num="38" count="7" type="stmt"/>
            <line num="45" count="2" visibility="public" complexity="1" type="method" signature="CrlSeries()"/>
            <line num="51" count="3" visibility="public" complexity="1" type="method" signature="getValue() : long"/>
            <line num="52" count="3" type="stmt"/>
            <line num="55" count="2" visibility="public" complexity="1" type="method" signature="serialize(DataOutputStream) : void"/>
            <line num="57" count="2" type="stmt"/>
            <line num="60" count="2" visibility="public" complexity="1" type="method" signature="deserialize(DataInputStream) : void"/>
            <line num="62" count="2" type="stmt"/>
            <line num="63" count="2" type="stmt"/>
            <line num="64" count="2" type="stmt"/>
            <line num="67" count="4" visibility="public" complexity="1" type="method" signature="hashCode() : int"/>
            <line num="69" count="4" type="stmt"/>
            <line num="70" count="4" type="stmt"/>
            <line num="71" count="4" type="stmt"/>
            <line num="72" count="4" type="stmt"/>
            <line num="75" count="2" visibility="public" complexity="5" type="method" signature="equals(Object) : boolean"/>
            <line num="77" count="2" type="stmt"/>
            <line num="77" falsecount="2" type="cond" truecount="0"/>
            <line num="78" count="0" type="stmt"/>
            <line num="79" count="2" type="stmt"/>
            <line num="79" falsecount="2" type="cond" truecount="0"/>
            <line num="80" count="0" type="stmt"/>
            <line num="81" count="2" type="stmt"/>
            <line num="81" falsecount="2" type="cond" truecount="0"/>
            <line num="82" count="0" type="stmt"/>
            <line num="83" count="2" type="stmt"/>
            <line num="84" count="2" type="stmt"/>
            <line num="84" falsecount="1" type="cond" truecount="1"/>
            <line num="85" count="1" type="stmt"/>
            <line num="86" count="1" type="stmt"/>
            <line num="89" count="1" visibility="public" complexity="1" type="method" signature="toString() : String"/>
            <line num="91" count="1" type="stmt"/>
         </file>
         <file name="Duration.java" path="/usr/local/buildserver/apps/bambo/atlassian-bamboo-5.7.2/home/xml-data/build-dir/CCCOM-TTR-PTG/src/main/java/org/certificateservices/custom/c2x/its/datastructs/basic/Duration.java">
            <metrics classes="2" methods="16" conditionals="12" ncloc="96" coveredstatements="32" coveredmethods="15" complexity="22" coveredconditionals="9" statements="37" loc="168" coveredelements="56" elements="65"/>
            <class name="Duration">
               <metrics methods="11" conditionals="10" coveredstatements="22" coveredmethods="10" complexity="16" coveredconditionals="7" statements="26" coveredelements="39" elements="47"/>
            </class>
            <class name="Duration.Unit">
               <metrics methods="5" conditionals="2" coveredstatements="10" coveredmethods="5" complexity="6" coveredconditionals="2" statements="11" coveredelements="17" elements="18"/>
            </class>
            <line num="42" count="5" visibility="package" complexity="1" type="method" signature="Unit(int,long,int)"/>
            <line num="43" count="5" type="stmt"/>
            <line num="44" count="5" type="stmt"/>
            <line num="45" count="5" type="stmt"/>
            <line num="48" count="5" visibility="public" complexity="1" type="method" signature="getByteValue() : int"/>
            <line num="49" count="5" type="stmt"/>
            <line num="52" count="5" visibility="public" complexity="1" type="method" signature="getSeconds() : long"/>
            <line num="53" count="5" type="stmt"/>
            <line num="56" count="21" visibility="public" complexity="1" type="method" signature="getUnitMask() : int"/>
            <line num="57" count="21" type="stmt"/>
            <line num="63" count="8" visibility="public" complexity="2" type="method" signature="getByEncodedDuration(int) : Unit"/>
            <line num="64" count="8" type="stmt"/>
            <line num="65" count="8" type="stmt"/>
            <line num="66" count="24" type="stmt"/>
            <line num="66" falsecount="16" type="cond" truecount="8"/>
            <line num="67" count="8" type="stmt"/>
            <line num="70" count="0" type="stmt"/>
            <line num="82" count="17" visibility="public" complexity="2" type="method" signature="Duration(int,Unit)"/>
            <line num="83" count="17" type="stmt"/>
            <line num="83" falsecount="16" type="cond" truecount="1"/>
            <line num="84" count="1" type="stmt"/>
            <line num="86" count="16" type="stmt"/>
            <line num="94" count="0" visibility="public" complexity="1" type="method" signature="Duration(int)"/>
            <line num="95" count="0" type="stmt"/>
            <line num="102" count="3" visibility="public" complexity="1" type="method" signature="Duration()"/>
            <line num="108" count="8" visibility="public" complexity="1" type="method" signature="getUnit() : Unit"/>
            <line num="109" count="8" type="stmt"/>
            <line num="116" count="10" visibility="public" complexity="1" type="method" signature="getDurationValue() : int"/>
            <line num="117" count="10" type="stmt"/>
            <line num="124" count="5" visibility="public" complexity="1" type="method" signature="getEncodedDuration() : int"/>
            <line num="125" count="5" type="stmt"/>
            <line num="128" count="2" visibility="public" complexity="1" type="method" signature="serialize(DataOutputStream) : void"/>
            <line num="130" count="2" type="stmt"/>
            <line num="133" count="3" visibility="public" complexity="1" type="method" signature="deserialize(DataInputStream) : void"/>
            <line num="135" count="3" type="stmt"/>
            <line num="136" count="3" type="stmt"/>
            <line num="137" count="3" type="stmt"/>
            <line num="140" count="7" visibility="public" complexity="1" type="method" signature="hashCode() : int"/>
            <line num="142" count="7" type="stmt"/>
            <line num="143" count="7" type="stmt"/>
            <line num="144" count="7" type="stmt"/>
            <line num="145" count="7" type="stmt"/>
            <line num="148" count="3" visibility="public" complexity="5" type="method" signature="equals(Object) : boolean"/>
            <line num="150" count="3" type="stmt"/>
            <line num="150" falsecount="3" type="cond" truecount="0"/>
            <line num="151" count="0" type="stmt"/>
            <line num="152" count="3" type="stmt"/>
            <line num="152" falsecount="3" type="cond" truecount="0"/>
            <line num="153" count="0" type="stmt"/>
            <line num="154" count="3" type="stmt"/>
            <line num="154" falsecount="3" type="cond" truecount="0"/>
            <line num="155" count="0" type="stmt"/>
            <line num="156" count="3" type="stmt"/>
            <line num="157" count="3" type="stmt"/>
            <line num="157" falsecount="1" type="cond" truecount="2"/>
            <line num="158" count="2" type="stmt"/>
            <line num="159" count="1" type="stmt"/>
            <line num="162" count="2" visibility="public" complexity="1" type="method" signature="toString() : String"/>
            <line num="164" count="2" type="stmt"/>
         </file>
         <file name="EccPoint.java" path="/usr/local/buildserver/apps/bambo/atlassian-bamboo-5.7.2/home/xml-data/build-dir/CCCOM-TTR-PTG/src/main/java/org/certificateservices/custom/c2x/its/datastructs/basic/EccPoint.java">
            <metrics classes="1" methods="15" conditionals="58" ncloc="158" coveredstatements="78" coveredmethods="15" complexity="52" coveredconditionals="49" statements="85" loc="263" coveredelements="142" elements="158"/>
            <class name="EccPoint">
               <metrics methods="15" conditionals="58" coveredstatements="78" coveredmethods="15" complexity="52" coveredconditionals="49" statements="85" coveredelements="142" elements="158"/>
            </class>
            <line num="60" count="176" visibility="public" complexity="1" type="method" signature="EccPoint(PublicKeyAlgorithm,EccPointType,BigInteger)"/>
            <line num="61" count="176" type="stmt"/>
            <line num="71" count="55" visibility="public" complexity="4" type="method" signature="EccPoint(PublicKeyAlgorithm,byte[])"/>
            <line num="72" count="55" type="stmt"/>
            <line num="72" falsecount="53" type="cond" truecount="2"/>
            <line num="73" count="2" type="stmt"/>
            <line num="75" count="53" type="stmt"/>
            <line num="76" count="53" type="stmt"/>
            <line num="76" falsecount="26" type="cond" truecount="27"/>
            <line num="77" count="27" type="stmt"/>
            <line num="79" count="53" type="stmt"/>
            <line num="79" falsecount="27" type="cond" truecount="26"/>
            <line num="80" count="26" type="stmt"/>
            <line num="82" count="53" type="stmt"/>
            <line num="93" count="192" visibility="public" complexity="1" type="method" signature="EccPoint(PublicKeyAlgorithm,EccPointType,BigInteger,BigInteger)"/>
            <line num="94" count="192" type="stmt"/>
            <line num="95" count="192" type="stmt"/>
            <line num="96" count="192" type="stmt"/>
            <line num="97" count="192" type="stmt"/>
            <line num="107" count="291" visibility="public" complexity="1" type="method" signature="EccPoint(PublicKeyAlgorithm)"/>
            <line num="108" count="291" type="stmt"/>
            <line num="115" count="200" visibility="public" complexity="1" type="method" signature="getEccPointType() : EccPointType"/>
            <line num="116" count="200" type="stmt"/>
            <line num="122" count="76" visibility="public" complexity="3" type="method" signature="getX() : BigInteger"/>
            <line num="123" count="76" type="stmt"/>
            <line num="123" falsecount="72" type="cond" truecount="4"/>
            <line num="124" count="4" type="stmt"/>
            <line num="126" count="72" type="stmt"/>
            <line num="132" count="22" visibility="public" complexity="2" type="method" signature="getY() : BigInteger"/>
            <line num="133" count="22" type="stmt"/>
            <line num="133" falsecount="16" type="cond" truecount="6"/>
            <line num="134" count="6" type="stmt"/>
            <line num="136" count="16" type="stmt"/>
            <line num="141" count="73" visibility="public" complexity="3" type="method" signature="getCompressedEncoding() : byte[]"/>
            <line num="142" count="73" type="stmt"/>
            <line num="142" falsecount="73" type="cond" truecount="0"/>
            <line num="143" count="0" type="stmt"/>
            <line num="145" count="73" type="stmt"/>
            <line num="149" count="554" visibility="public" complexity="4" type="method" signature="serialize(DataOutputStream) : void"/>
            <line num="151" count="554" type="stmt"/>
            <line num="152" count="554" type="stmt"/>
            <line num="152" falsecount="300" type="cond" truecount="254"/>
            <line num="153" count="254" type="stmt"/>
            <line num="155" count="554" type="stmt"/>
            <line num="155" falsecount="254" type="cond" truecount="300"/>
            <line num="156" count="300" type="stmt"/>
            <line num="158" count="554" type="stmt"/>
            <line num="158" falsecount="475" type="cond" truecount="79"/>
            <line num="159" count="79" type="stmt"/>
            <line num="163" count="277" visibility="public" complexity="7" type="method" signature="deserialize(DataInputStream) : void"/>
            <line num="165" count="277" type="stmt"/>
            <line num="166" count="277" type="stmt"/>
            <line num="166" falsecount="37" type="cond" truecount="240"/>
            <line num="167" count="240" type="stmt"/>
            <line num="169" count="277" type="stmt"/>
            <line num="169" falsecount="240" type="cond" truecount="37"/>
            <line num="170" count="37" type="stmt"/>
            <line num="171" count="37" type="stmt"/>
            <line num="172" count="37" type="stmt"/>
            <line num="172" falsecount="15" type="cond" truecount="22"/>
            <line num="173" count="22" type="stmt"/>
            <line num="175" count="15" type="stmt"/>
            <line num="178" count="277" type="stmt"/>
            <line num="178" falsecount="166" type="cond" truecount="111"/>
            <line num="179" count="111" type="stmt"/>
            <line num="183" count="383" visibility="private" complexity="1" type="method" signature="writeFixedFieldSizeKey(DataOutputStream,BigInteger) : void"/>
            <line num="184" count="383" type="stmt"/>
            <line num="187" count="355" visibility="private" complexity="1" type="method" signature="readFixedFieldSizeKey(DataInputStream) : BigInteger"/>
            <line num="188" count="355" type="stmt"/>
            <line num="197" count="43" visibility="public" complexity="5" type="method" signature="hashCode() : int"/>
            <line num="199" count="43" type="stmt"/>
            <line num="200" count="43" type="stmt"/>
            <line num="201" count="43" type="stmt"/>
            <line num="202" count="43" type="stmt"/>
            <line num="203" falsecount="43" type="cond" truecount="0"/>
            <line num="204" count="43" type="stmt"/>
            <line num="206" falsecount="43" type="cond" truecount="0"/>
            <line num="208" count="43" type="stmt"/>
            <line num="208" falsecount="41" type="cond" truecount="2"/>
            <line num="209" count="43" type="stmt"/>
            <line num="209" falsecount="13" type="cond" truecount="30"/>
            <line num="210" count="43" type="stmt"/>
            <line num="216" count="14" visibility="public" complexity="13" type="method" signature="equals(Object) : boolean"/>
            <line num="218" count="14" type="stmt"/>
            <line num="218" falsecount="12" type="cond" truecount="2"/>
            <line num="219" count="2" type="stmt"/>
            <line num="220" count="12" type="stmt"/>
            <line num="220" falsecount="12" type="cond" truecount="0"/>
            <line num="221" count="0" type="stmt"/>
            <line num="222" count="12" type="stmt"/>
            <line num="222" falsecount="12" type="cond" truecount="0"/>
            <line num="223" count="0" type="stmt"/>
            <line num="224" count="12" type="stmt"/>
            <line num="225" count="12" type="stmt"/>
            <line num="225" falsecount="11" type="cond" truecount="1"/>
            <line num="226" count="1" type="stmt"/>
            <line num="227" count="11" type="stmt"/>
            <line num="227" falsecount="9" type="cond" truecount="2"/>
            <line num="228" count="2" type="stmt"/>
            <line num="229" count="9" type="stmt"/>
            <line num="229" falsecount="8" type="cond" truecount="1"/>
            <line num="230" count="1" type="stmt"/>
            <line num="231" count="8" type="stmt"/>
            <line num="231" falsecount="8" type="cond" truecount="0"/>
            <line num="232" count="0" type="stmt"/>
            <line num="232" falsecount="0" type="cond" truecount="0"/>
            <line num="233" count="0" type="stmt"/>
            <line num="234" count="8" type="stmt"/>
            <line num="234" falsecount="3" type="cond" truecount="5"/>
            <line num="235" count="5" type="stmt"/>
            <line num="236" count="3" type="stmt"/>
            <line num="236" falsecount="2" type="cond" truecount="1"/>
            <line num="237" count="1" type="stmt"/>
            <line num="237" falsecount="1" type="cond" truecount="0"/>
            <line num="238" count="0" type="stmt"/>
            <line num="239" count="2" type="stmt"/>
            <line num="239" falsecount="1" type="cond" truecount="1"/>
            <line num="240" count="1" type="stmt"/>
            <line num="241" count="2" type="stmt"/>
            <line num="244" count="18" visibility="public" complexity="5" type="method" signature="toString() : String"/>
            <line num="246" count="18" type="stmt"/>
            <line num="247" count="13" type="stmt"/>
            <line num="248" count="13" type="stmt"/>
            <line num="250" count="4" type="stmt"/>
            <line num="251" count="0" type="stmt"/>
            <line num="252" count="4" type="stmt"/>
            <line num="254" count="1" type="stmt"/>
            <line num="255" count="1" type="stmt"/>
            <line num="257" count="1" type="stmt"/>
         </file>
         <file name="EccPointType.java" path="/usr/local/buildserver/apps/bambo/atlassian-bamboo-5.7.2/home/xml-data/build-dir/CCCOM-TTR-PTG/src/main/java/org/certificateservices/custom/c2x/its/datastructs/basic/EccPointType.java">
            <metrics classes="1" methods="3" conditionals="2" ncloc="21" coveredstatements="5" coveredmethods="3" complexity="4" coveredconditionals="2" statements="6" loc="60" coveredelements="10" elements="11"/>
            <class name="EccPointType">
               <metrics methods="3" conditionals="2" coveredstatements="5" coveredmethods="3" complexity="4" coveredconditionals="2" statements="6" coveredelements="10" elements="11"/>
            </class>
            <line num="40" count="8" visibility="package" complexity="1" type="method" signature="EccPointType(int)"/>
            <line num="41" count="8" type="stmt"/>
            <line num="44" count="562" visibility="public" complexity="1" type="method" signature="getByteValue() : int"/>
            <line num="45" count="562" type="stmt"/>
            <line num="51" count="281" visibility="public" complexity="2" type="method" signature="getByValue(int) : EccPointType"/>
            <line num="52" count="281" type="stmt"/>
            <line num="53" count="672" type="stmt"/>
            <line num="53" falsecount="391" type="cond" truecount="281"/>
            <line num="54" count="281" type="stmt"/>
            <line num="57" count="0" type="stmt"/>
         </file>
         <file name="EcdsaSignature.java" path="/usr/local/buildserver/apps/bambo/atlassian-bamboo-5.7.2/home/xml-data/build-dir/CCCOM-TTR-PTG/src/main/java/org/certificateservices/custom/c2x/its/datastructs/basic/EcdsaSignature.java">
            <metrics classes="1" methods="7" conditionals="2" ncloc="46" coveredstatements="15" coveredmethods="7" complexity="8" coveredconditionals="2" statements="15" loc="105" coveredelements="24" elements="24"/>
            <class name="EcdsaSignature">
               <metrics methods="7" conditionals="2" coveredstatements="15" coveredmethods="7" complexity="8" coveredconditionals="2" statements="15" coveredelements="24" elements="24"/>
            </class>
            <line num="45" count="95" visibility="public" complexity="2" type="method" signature="EcdsaSignature(PublicKeyAlgorithm,EccPoint,byte[])"/>
            <line num="46" count="95" type="stmt"/>
            <line num="47" count="95" type="stmt"/>
            <line num="48" count="95" type="stmt"/>
            <line num="48" falsecount="94" type="cond" truecount="1"/>
            <line num="49" count="1" type="stmt"/>
            <line num="51" count="94" type="stmt"/>
            <line num="61" count="115" visibility="public" complexity="1" type="method" signature="EcdsaSignature(PublicKeyAlgorithm)"/>
            <line num="62" count="115" type="stmt"/>
            <line num="68" count="100" visibility="public" complexity="1" type="method" signature="getR() : EccPoint"/>
            <line num="69" count="100" type="stmt"/>
            <line num="75" count="48" visibility="public" complexity="1" type="method" signature="getSignatureValue() : byte[]"/>
            <line num="76" count="48" type="stmt"/>
            <line num="80" count="199" visibility="public" complexity="1" type="method" signature="serialize(DataOutputStream) : void"/>
            <line num="82" count="199" type="stmt"/>
            <line num="83" count="199" type="stmt"/>
            <line num="86" count="107" visibility="public" complexity="1" type="method" signature="deserialize(DataInputStream) : void"/>
            <line num="88" count="107" type="stmt"/>
            <line num="89" count="107" type="stmt"/>
            <line num="90" count="107" type="stmt"/>
            <line num="91" count="107" type="stmt"/>
            <line num="97" count="6" visibility="public" complexity="1" type="method" signature="toString() : String"/>
            <line num="99" count="6" type="stmt"/>
         </file>
         <file name="EncryptionParameters.java" path="/usr/local/buildserver/apps/bambo/atlassian-bamboo-5.7.2/home/xml-data/build-dir/CCCOM-TTR-PTG/src/main/java/org/certificateservices/custom/c2x/its/datastructs/basic/EncryptionParameters.java">
            <metrics classes="1" methods="7" conditionals="6" ncloc="47" coveredstatements="15" coveredmethods="7" complexity="11" coveredconditionals="5" statements="16" loc="92" coveredelements="27" elements="29"/>
            <class name="EncryptionParameters">
               <metrics methods="7" conditionals="6" coveredstatements="15" coveredmethods="7" complexity="11" coveredconditionals="5" statements="16" coveredelements="27" elements="29"/>
            </class>
            <line num="45" count="16" visibility="public" complexity="4" type="method" signature="EncryptionParameters(SymmetricAlgorithm,byte[])"/>
            <line num="46" count="16" type="stmt"/>
            <line num="46" falsecount="15" type="cond" truecount="1"/>
            <line num="47" count="1" type="stmt"/>
            <line num="49" count="15" type="stmt"/>
            <line num="49" falsecount="12" type="cond" truecount="3"/>
            <line num="50" count="3" type="stmt"/>
            <line num="53" count="12" type="stmt"/>
            <line num="54" count="12" type="stmt"/>
            <line num="60" count="10" visibility="public" complexity="1" type="method" signature="EncryptionParameters()"/>
            <line num="62" count="2" visibility="public" complexity="1" type="method" signature="getSymmetricAlgorithm() : SymmetricAlgorithm"/>
            <line num="63" count="2" type="stmt"/>
            <line num="66" count="10" visibility="public" complexity="1" type="method" signature="getNounce() : byte[]"/>
            <line num="67" count="10" type="stmt"/>
            <line num="70" count="17" visibility="public" complexity="1" type="method" signature="serialize(DataOutputStream) : void"/>
            <line num="72" count="17" type="stmt"/>
            <line num="73" count="17" type="stmt"/>
            <line num="76" count="10" visibility="public" complexity="2" type="method" signature="deserialize(DataInputStream) : void"/>
            <line num="78" count="10" type="stmt"/>
            <line num="79" count="10" type="stmt"/>
            <line num="79" falsecount="10" type="cond" truecount="0"/>
            <line num="80" count="0" type="stmt"/>
            <line num="82" count="10" type="stmt"/>
            <line num="83" count="10" type="stmt"/>
            <line num="86" count="2" visibility="public" complexity="1" type="method" signature="toString() : String"/>
            <line num="88" count="2" type="stmt"/>
         </file>
         <file name="GeographicRegion.java" path="/usr/local/buildserver/apps/bambo/atlassian-bamboo-5.7.2/home/xml-data/build-dir/CCCOM-TTR-PTG/src/main/java/org/certificateservices/custom/c2x/its/datastructs/basic/GeographicRegion.java">
            <metrics classes="1" methods="15" conditionals="44" ncloc="172" coveredstatements="77" coveredmethods="15" complexity="51" coveredconditionals="15" statements="105" loc="262" coveredelements="107" elements="164"/>
            <class name="GeographicRegion">
               <metrics methods="15" conditionals="44" coveredstatements="77" coveredmethods="15" complexity="51" coveredconditionals="15" statements="105" coveredelements="107" elements="164"/>
            </class>
            <line num="48" count="56" visibility="public" complexity="1" type="method" signature="GeographicRegion()"/>
            <line num="49" count="56" type="stmt"/>
            <line num="56" count="12" visibility="public" complexity="1" type="method" signature="GeographicRegion(CircularRegion)"/>
            <line num="57" count="12" type="stmt"/>
            <line num="58" count="12" type="stmt"/>
            <line num="65" count="5" visibility="public" complexity="2" type="method" signature="GeographicRegion(List&lt;RectangularRegion&gt;)"/>
            <line num="66" count="5" type="stmt"/>
            <line num="66" falsecount="5" type="cond" truecount="0"/>
            <line num="67" count="0" type="stmt"/>
            <line num="69" count="5" type="stmt"/>
            <line num="70" count="5" type="stmt"/>
            <line num="77" count="5" visibility="public" complexity="1" type="method" signature="GeographicRegion(PolygonalRegion)"/>
            <line num="78" count="5" type="stmt"/>
            <line num="79" count="5" type="stmt"/>
            <line num="86" count="5" visibility="public" complexity="1" type="method" signature="GeographicRegion(IdentifiedRegion)"/>
            <line num="87" count="5" type="stmt"/>
            <line num="88" count="5" type="stmt"/>
            <line num="99" count="13" visibility="public" complexity="1" type="method" signature="getRegionType() : RegionType"/>
            <line num="100" count="13" type="stmt"/>
            <line num="107" count="5" visibility="public" complexity="1" type="method" signature="getCircularRegion() : CircularRegion"/>
            <line num="108" count="5" type="stmt"/>
            <line num="115" count="2" visibility="public" complexity="1" type="method" signature="getRectangularRegions() : List&lt;RectangularRegion&gt;"/>
            <line num="116" count="2" type="stmt"/>
            <line num="123" count="2" visibility="public" complexity="1" type="method" signature="getPolygonalRegion() : PolygonalRegion"/>
            <line num="124" count="2" type="stmt"/>
            <line num="131" count="2" visibility="public" complexity="1" type="method" signature="getIdentifiedRegion() : IdentifiedRegion"/>
            <line num="132" count="2" type="stmt"/>
            <line num="135" count="32" visibility="public" complexity="6" type="method" signature="serialize(DataOutputStream) : void"/>
            <line num="137" count="32" type="stmt"/>
            <line num="138" count="32" type="stmt"/>
            <line num="139" count="1" type="stmt"/>
            <line num="140" count="1" type="stmt"/>
            <line num="141" count="5" type="stmt"/>
            <line num="142" count="5" type="stmt"/>
            <line num="143" count="5" type="stmt"/>
            <line num="144" count="1" type="stmt"/>
            <line num="145" count="1" type="stmt"/>
            <line num="146" count="1" type="stmt"/>
            <line num="147" count="21" type="stmt"/>
            <line num="148" count="21" type="stmt"/>
            <line num="149" count="21" type="stmt"/>
            <line num="150" count="4" type="stmt"/>
            <line num="151" count="4" type="stmt"/>
            <line num="152" count="4" type="stmt"/>
            <line num="153" count="0" type="stmt"/>
            <line num="154" count="0" type="stmt"/>
            <line num="158" count="51" visibility="public" complexity="6" type="method" signature="deserialize(DataInputStream) : void"/>
            <line num="161" count="51" type="stmt"/>
            <line num="162" count="51" type="stmt"/>
            <line num="163" count="1" type="stmt"/>
            <line num="164" count="1" type="stmt"/>
            <line num="165" count="2" type="stmt"/>
            <line num="166" count="2" type="stmt"/>
            <line num="167" count="2" type="stmt"/>
            <line num="168" count="2" type="stmt"/>
            <line num="169" count="1" type="stmt"/>
            <line num="170" count="1" type="stmt"/>
            <line num="171" count="1" type="stmt"/>
            <line num="172" count="42" type="stmt"/>
            <line num="173" count="42" type="stmt"/>
            <line num="174" count="42" type="stmt"/>
            <line num="175" count="42" type="stmt"/>
            <line num="176" count="5" type="stmt"/>
            <line num="177" count="5" type="stmt"/>
            <line num="178" count="5" type="stmt"/>
            <line num="179" count="5" type="stmt"/>
            <line num="180" count="0" type="stmt"/>
            <line num="181" count="0" type="stmt"/>
            <line num="185" count="11" visibility="public" complexity="6" type="method" signature="hashCode() : int"/>
            <line num="187" count="11" type="stmt"/>
            <line num="188" count="11" type="stmt"/>
            <line num="189" count="11" type="stmt"/>
            <line num="190" falsecount="7" type="cond" truecount="4"/>
            <line num="191" count="11" type="stmt"/>
            <line num="193" falsecount="1" type="cond" truecount="10"/>
            <line num="194" count="11" type="stmt"/>
            <line num="195" falsecount="1" type="cond" truecount="10"/>
            <line num="196" count="11" type="stmt"/>
            <line num="198" falsecount="1" type="cond" truecount="10"/>
            <line num="200" count="11" type="stmt"/>
            <line num="201" falsecount="11" type="cond" truecount="0"/>
            <line num="202" count="11" type="stmt"/>
            <line num="205" count="4" visibility="public" complexity="17" type="method" signature="equals(Object) : boolean"/>
            <line num="207" count="4" type="stmt"/>
            <line num="207" falsecount="4" type="cond" truecount="0"/>
            <line num="208" count="0" type="stmt"/>
            <line num="209" count="4" type="stmt"/>
            <line num="209" falsecount="4" type="cond" truecount="0"/>
            <line num="210" count="0" type="stmt"/>
            <line num="211" count="4" type="stmt"/>
            <line num="211" falsecount="4" type="cond" truecount="0"/>
            <line num="212" count="0" type="stmt"/>
            <line num="213" count="4" type="stmt"/>
            <line num="214" count="4" type="stmt"/>
            <line num="214" falsecount="4" type="cond" truecount="0"/>
            <line num="215" count="0" type="stmt"/>
            <line num="215" falsecount="0" type="cond" truecount="0"/>
            <line num="216" count="0" type="stmt"/>
            <line num="217" count="4" type="stmt"/>
            <line num="217" falsecount="0" type="cond" truecount="4"/>
            <line num="218" count="4" type="stmt"/>
            <line num="219" count="0" type="stmt"/>
            <line num="219" falsecount="0" type="cond" truecount="0"/>
            <line num="220" count="0" type="stmt"/>
            <line num="220" falsecount="0" type="cond" truecount="0"/>
            <line num="221" count="0" type="stmt"/>
            <line num="222" count="0" type="stmt"/>
            <line num="222" falsecount="0" type="cond" truecount="0"/>
            <line num="223" count="0" type="stmt"/>
            <line num="224" count="0" type="stmt"/>
            <line num="224" falsecount="0" type="cond" truecount="0"/>
            <line num="225" count="0" type="stmt"/>
            <line num="225" falsecount="0" type="cond" truecount="0"/>
            <line num="226" count="0" type="stmt"/>
            <line num="227" count="0" type="stmt"/>
            <line num="227" falsecount="0" type="cond" truecount="0"/>
            <line num="228" count="0" type="stmt"/>
            <line num="229" count="0" type="stmt"/>
            <line num="229" falsecount="0" type="cond" truecount="0"/>
            <line num="230" count="0" type="stmt"/>
            <line num="230" falsecount="0" type="cond" truecount="0"/>
            <line num="231" count="0" type="stmt"/>
            <line num="232" count="0" type="stmt"/>
            <line num="232" falsecount="0" type="cond" truecount="0"/>
            <line num="233" count="0" type="stmt"/>
            <line num="234" count="0" type="stmt"/>
            <line num="234" falsecount="0" type="cond" truecount="0"/>
            <line num="235" count="0" type="stmt"/>
            <line num="236" count="0" type="stmt"/>
            <line num="239" count="6" visibility="public" complexity="5" type="method" signature="toString() : String"/>
            <line num="241" count="6" type="stmt"/>
            <line num="242" count="2" type="stmt"/>
            <line num="243" count="2" type="stmt"/>
            <line num="245" count="1" type="stmt"/>
            <line num="246" count="1" type="stmt"/>
            <line num="248" count="1" type="stmt"/>
            <line num="249" count="1" type="stmt"/>
            <line num="251" count="1" type="stmt"/>
            <line num="252" count="1" type="stmt"/>
            <line num="254" count="1" type="stmt"/>
            <line num="255" count="1" type="stmt"/>
            <line num="257" count="1" type="stmt"/>
         </file>
         <file name="HashedId.java" path="/usr/local/buildserver/apps/bambo/atlassian-bamboo-5.7.2/home/xml-data/build-dir/CCCOM-TTR-PTG/src/main/java/org/certificateservices/custom/c2x/its/datastructs/basic/HashedId.java">
            <metrics classes="1" methods="7" conditionals="10" ncloc="50" coveredstatements="19" coveredmethods="7" complexity="12" coveredconditionals="8" statements="21" loc="100" coveredelements="34" elements="38"/>
            <class name="HashedId">
               <metrics methods="7" conditionals="10" coveredstatements="19" coveredmethods="7" complexity="12" coveredconditionals="8" statements="21" coveredelements="34" elements="38"/>
            </class>
            <line num="38" count="92" visibility="public" complexity="2" type="method" signature="HashedId(byte[])"/>
            <line num="39" count="92" type="stmt"/>
            <line num="39" falsecount="91" type="cond" truecount="1"/>
            <line num="40" count="1" type="stmt"/>
            <line num="43" count="91" type="stmt"/>
            <line num="51" count="55" visibility="public" complexity="1" type="method" signature="HashedId()"/>
            <line num="57" count="7" visibility="public" complexity="1" type="method" signature="getHashedId() : byte[]"/>
            <line num="58" count="7" type="stmt"/>
            <line num="61" count="126" visibility="public" complexity="1" type="method" signature="serialize(DataOutputStream) : void"/>
            <line num="63" count="126" type="stmt"/>
            <line num="66" count="53" visibility="public" complexity="1" type="method" signature="deserialize(DataInputStream) : void"/>
            <line num="68" count="53" type="stmt"/>
            <line num="69" count="53" type="stmt"/>
            <line num="77" count="17" visibility="public" complexity="1" type="method" signature="hashCode() : int"/>
            <line num="79" count="17" type="stmt"/>
            <line num="80" count="17" type="stmt"/>
            <line num="81" count="17" type="stmt"/>
            <line num="82" count="17" type="stmt"/>
            <line num="85" count="24" visibility="public" complexity="5" type="method" signature="equals(Object) : boolean"/>
            <line num="87" count="24" type="stmt"/>
            <line num="87" falsecount="24" type="cond" truecount="0"/>
            <line num="88" count="0" type="stmt"/>
            <line num="89" count="24" type="stmt"/>
            <line num="89" falsecount="23" type="cond" truecount="1"/>
            <line num="90" count="1" type="stmt"/>
            <line num="91" count="23" type="stmt"/>
            <line num="91" falsecount="23" type="cond" truecount="0"/>
            <line num="92" count="0" type="stmt"/>
            <line num="93" count="23" type="stmt"/>
            <line num="94" count="23" type="stmt"/>
            <line num="94" falsecount="15" type="cond" truecount="8"/>
            <line num="95" count="8" type="stmt"/>
            <line num="96" count="15" type="stmt"/>
         </file>
         <file name="HashedId3.java" path="/usr/local/buildserver/apps/bambo/atlassian-bamboo-5.7.2/home/xml-data/build-dir/CCCOM-TTR-PTG/src/main/java/org/certificateservices/custom/c2x/its/datastructs/basic/HashedId3.java">
            <metrics classes="1" methods="4" conditionals="0" ncloc="18" coveredstatements="4" coveredmethods="4" complexity="4" coveredconditionals="0" statements="4" loc="60" coveredelements="8" elements="8"/>
            <class name="HashedId3">
               <metrics methods="4" conditionals="0" coveredstatements="4" coveredmethods="4" complexity="4" coveredconditionals="0" statements="4" coveredelements="8" elements="8"/>
            </class>
            <line num="34" count="20" visibility="public" complexity="1" type="method" signature="HashedId3(byte[])"/>
            <line num="35" count="20" type="stmt"/>
            <line num="42" count="4" visibility="public" complexity="1" type="method" signature="HashedId3()"/>
            <line num="43" count="4" type="stmt"/>
            <line num="49" count="44" visibility="protected" complexity="1" type="method" signature="getHashLength() : int"/>
            <line num="51" count="44" type="stmt"/>
            <line num="54" count="3" visibility="public" complexity="1" type="method" signature="toString() : String"/>
            <line num="56" count="3" type="stmt"/>
         </file>
         <file name="HashedId8.java" path="/usr/local/buildserver/apps/bambo/atlassian-bamboo-5.7.2/home/xml-data/build-dir/CCCOM-TTR-PTG/src/main/java/org/certificateservices/custom/c2x/its/datastructs/basic/HashedId8.java">
            <metrics classes="1" methods="4" conditionals="0" ncloc="18" coveredstatements="4" coveredmethods="4" complexity="4" coveredconditionals="0" statements="4" loc="57" coveredelements="8" elements="8"/>
            <class name="HashedId8">
               <metrics methods="4" conditionals="0" coveredstatements="4" coveredmethods="4" complexity="4" coveredconditionals="0" statements="4" coveredelements="8" elements="8"/>
            </class>
            <line num="32" count="71" visibility="public" complexity="1" type="method" signature="HashedId8(byte[])"/>
            <line num="33" count="71" type="stmt"/>
            <line num="40" count="51" visibility="public" complexity="1" type="method" signature="HashedId8()"/>
            <line num="41" count="51" type="stmt"/>
            <line num="47" count="195" visibility="protected" complexity="1" type="method" signature="getHashLength() : int"/>
            <line num="49" count="195" type="stmt"/>
            <line num="52" count="9" visibility="public" complexity="1" type="method" signature="toString() : String"/>
            <line num="54" count="9" type="stmt"/>
         </file>
         <file name="IdentifiedRegion.java" path="/usr/local/buildserver/apps/bambo/atlassian-bamboo-5.7.2/home/xml-data/build-dir/CCCOM-TTR-PTG/src/main/java/org/certificateservices/custom/c2x/its/datastructs/basic/IdentifiedRegion.java">
            <metrics classes="1" methods="10" conditionals="20" ncloc="80" coveredstatements="34" coveredmethods="10" complexity="20" coveredconditionals="12" statements="39" loc="150" coveredelements="56" elements="69"/>
            <class name="IdentifiedRegion">
               <metrics methods="10" conditionals="20" coveredstatements="34" coveredmethods="10" complexity="20" coveredconditionals="12" statements="39" coveredelements="56" elements="69"/>
            </class>
            <line num="49" count="15" visibility="public" complexity="1" type="method" signature="IdentifiedRegion(RegionDictionary,int,IntX)"/>
            <line num="50" count="15" type="stmt"/>
            <line num="51" count="15" type="stmt"/>
            <line num="52" count="15" type="stmt"/>
            <line num="60" count="6" visibility="public" complexity="1" type="method" signature="IdentifiedRegion()"/>
            <line num="67" count="2" visibility="public" complexity="1" type="method" signature="getRegionDictionary() : RegionDictionary"/>
            <line num="68" count="2" type="stmt"/>
            <line num="75" count="2" visibility="public" complexity="1" type="method" signature="getRegionIdentifier() : int"/>
            <line num="76" count="2" type="stmt"/>
            <line num="84" count="2" visibility="public" complexity="1" type="method" signature="getLocalRegion() : IntX"/>
            <line num="85" count="2" type="stmt"/>
            <line num="88" count="5" visibility="public" complexity="1" type="method" signature="serialize(DataOutputStream) : void"/>
            <line num="90" count="5" type="stmt"/>
            <line num="91" count="5" type="stmt"/>
            <line num="92" count="5" type="stmt"/>
            <line num="95" count="6" visibility="public" complexity="1" type="method" signature="deserialize(DataInputStream) : void"/>
            <line num="97" count="6" type="stmt"/>
            <line num="98" count="6" type="stmt"/>
            <line num="99" count="6" type="stmt"/>
            <line num="100" count="6" type="stmt"/>
            <line num="101" count="6" type="stmt"/>
            <line num="102" count="6" type="stmt"/>
            <line num="106" count="9" visibility="public" complexity="3" type="method" signature="hashCode() : int"/>
            <line num="108" count="9" type="stmt"/>
            <line num="109" count="9" type="stmt"/>
            <line num="110" count="9" type="stmt"/>
            <line num="111" falsecount="9" type="cond" truecount="0"/>
            <line num="112" count="9" type="stmt"/>
            <line num="114" falsecount="9" type="cond" truecount="0"/>
            <line num="115" count="9" type="stmt"/>
            <line num="116" count="9" type="stmt"/>
            <line num="120" count="4" visibility="public" complexity="9" type="method" signature="equals(Object) : boolean"/>
            <line num="122" count="4" type="stmt"/>
            <line num="122" falsecount="4" type="cond" truecount="0"/>
            <line num="123" count="0" type="stmt"/>
            <line num="124" count="4" type="stmt"/>
            <line num="124" falsecount="4" type="cond" truecount="0"/>
            <line num="125" count="0" type="stmt"/>
            <line num="126" count="4" type="stmt"/>
            <line num="126" falsecount="4" type="cond" truecount="0"/>
            <line num="127" count="0" type="stmt"/>
            <line num="128" count="4" type="stmt"/>
            <line num="129" count="4" type="stmt"/>
            <line num="129" falsecount="4" type="cond" truecount="0"/>
            <line num="130" count="0" type="stmt"/>
            <line num="130" falsecount="0" type="cond" truecount="0"/>
            <line num="131" count="0" type="stmt"/>
            <line num="132" count="4" type="stmt"/>
            <line num="132" falsecount="3" type="cond" truecount="1"/>
            <line num="133" count="1" type="stmt"/>
            <line num="134" count="3" type="stmt"/>
            <line num="134" falsecount="2" type="cond" truecount="1"/>
            <line num="135" count="1" type="stmt"/>
            <line num="136" count="2" type="stmt"/>
            <line num="136" falsecount="1" type="cond" truecount="1"/>
            <line num="137" count="1" type="stmt"/>
            <line num="138" count="1" type="stmt"/>
            <line num="142" count="2" visibility="public" complexity="1" type="method" signature="toString() : String"/>
            <line num="144" count="2" type="stmt"/>
         </file>
         <file name="IntX.java" path="/usr/local/buildserver/apps/bambo/atlassian-bamboo-5.7.2/home/xml-data/build-dir/CCCOM-TTR-PTG/src/main/java/org/certificateservices/custom/c2x/its/datastructs/basic/IntX.java">
            <metrics classes="1" methods="12" conditionals="24" ncloc="98" coveredstatements="49" coveredmethods="12" complexity="24" coveredconditionals="17" statements="54" loc="179" coveredelements="78" elements="90"/>
            <class name="IntX">
               <metrics methods="12" conditionals="24" coveredstatements="49" coveredmethods="12" complexity="24" coveredconditionals="17" statements="54" coveredelements="78" elements="90"/>
            </class>
            <line num="42" count="111" visibility="public" complexity="1" type="method" signature="IntX(BigInteger)"/>
            <line num="43" count="111" type="stmt"/>
            <line num="51" count="1414" visibility="public" complexity="1" type="method" signature="IntX(long)"/>
            <line num="52" count="1414" type="stmt"/>
            <line num="58" count="716" visibility="public" complexity="1" type="method" signature="IntX()"/>
            <line num="64" count="570" visibility="public" complexity="1" type="method" signature="getValue() : BigInteger"/>
            <line num="65" count="570" type="stmt"/>
            <line num="74" count="1747" visibility="public" complexity="4" type="method" signature="encodeValue() : byte[]"/>
            <line num="75" count="1747" type="stmt"/>
            <line num="76" count="1747" type="stmt"/>
            <line num="77" count="1747" type="stmt"/>
            <line num="77" falsecount="1746" type="cond" truecount="1"/>
            <line num="78" count="1" type="stmt"/>
            <line num="80" count="1746" type="stmt"/>
            <line num="81" count="1746" type="stmt"/>
            <line num="81" falsecount="51" type="cond" truecount="1695"/>
            <line num="82" count="1695" type="stmt"/>
            <line num="83" count="1695" type="stmt"/>
            <line num="84" count="1695" type="stmt"/>
            <line num="85" count="1695" type="stmt"/>
            <line num="86" count="1695" type="stmt"/>
            <line num="89" count="51" type="stmt"/>
            <line num="90" count="51" type="stmt"/>
            <line num="90" falsecount="51" type="cond" truecount="102"/>
            <line num="91" count="102" type="stmt"/>
            <line num="94" count="51" type="stmt"/>
            <line num="96" count="51" type="stmt"/>
            <line num="101" count="1740" visibility="public" complexity="1" type="method" signature="serialize(DataOutputStream) : void"/>
            <line num="103" count="1740" type="stmt"/>
            <line num="107" count="695" visibility="public" complexity="2" type="method" signature="deserialize(DataInputStream) : void"/>
            <line num="109" count="695" type="stmt"/>
            <line num="110" count="695" type="stmt"/>
            <line num="112" count="695" type="stmt"/>
            <line num="113" count="695" type="stmt"/>
            <line num="114" count="695" type="stmt"/>
            <line num="115" count="695" type="stmt"/>
            <line num="115" falsecount="695" type="cond" truecount="283"/>
            <line num="116" count="283" type="stmt"/>
            <line num="119" count="695" type="stmt"/>
            <line num="128" count="706" visibility="private" complexity="1" type="method" signature="getFirstByteValue(byte,int) : byte"/>
            <line num="129" count="706" type="stmt"/>
            <line num="130" count="706" type="stmt"/>
            <line num="136" count="705" visibility="private" complexity="2" type="method" signature="getNumberOfOctets(int) : int"/>
            <line num="137" count="705" type="stmt"/>
            <line num="138" count="705" type="stmt"/>
            <line num="139" count="1018" type="stmt"/>
            <line num="139" falsecount="313" type="cond" truecount="705"/>
            <line num="140" count="705" type="stmt"/>
            <line num="142" count="313" type="stmt"/>
            <line num="145" count="705" type="stmt"/>
            <line num="148" count="42" visibility="public" complexity="2" type="method" signature="hashCode() : int"/>
            <line num="150" count="42" type="stmt"/>
            <line num="151" count="42" type="stmt"/>
            <line num="152" count="42" type="stmt"/>
            <line num="152" falsecount="42" type="cond" truecount="0"/>
            <line num="153" count="42" type="stmt"/>
            <line num="156" count="16" visibility="public" complexity="7" type="method" signature="equals(Object) : boolean"/>
            <line num="158" count="16" type="stmt"/>
            <line num="158" falsecount="16" type="cond" truecount="0"/>
            <line num="159" count="0" type="stmt"/>
            <line num="160" count="16" type="stmt"/>
            <line num="160" falsecount="16" type="cond" truecount="0"/>
            <line num="161" count="0" type="stmt"/>
            <line num="162" count="16" type="stmt"/>
            <line num="162" falsecount="16" type="cond" truecount="0"/>
            <line num="163" count="0" type="stmt"/>
            <line num="164" count="16" type="stmt"/>
            <line num="165" count="16" type="stmt"/>
            <line num="165" falsecount="16" type="cond" truecount="0"/>
            <line num="166" count="0" type="stmt"/>
            <line num="166" falsecount="0" type="cond" truecount="0"/>
            <line num="167" count="0" type="stmt"/>
            <line num="168" count="16" type="stmt"/>
            <line num="168" falsecount="11" type="cond" truecount="5"/>
            <line num="169" count="5" type="stmt"/>
            <line num="170" count="11" type="stmt"/>
            <line num="173" count="17" visibility="public" complexity="1" type="method" signature="toString() : String"/>
            <line num="175" count="17" type="stmt"/>
         </file>
         <file name="PolygonalRegion.java" path="/usr/local/buildserver/apps/bambo/atlassian-bamboo-5.7.2/home/xml-data/build-dir/CCCOM-TTR-PTG/src/main/java/org/certificateservices/custom/c2x/its/datastructs/basic/PolygonalRegion.java">
            <metrics classes="1" methods="8" conditionals="16" ncloc="58" coveredstatements="19" coveredmethods="8" complexity="16" coveredconditionals="9" statements="24" loc="115" coveredelements="36" elements="48"/>
            <class name="PolygonalRegion">
               <metrics methods="8" conditionals="16" coveredstatements="19" coveredmethods="8" complexity="16" coveredconditionals="9" statements="24" coveredelements="36" elements="48"/>
            </class>
            <line num="46" count="12" visibility="public" complexity="2" type="method" signature="PolygonalRegion(List&lt;TwoDLocation&gt;)"/>
            <line num="47" count="12" type="stmt"/>
            <line num="47" falsecount="11" type="cond" truecount="1"/>
            <line num="48" count="1" type="stmt"/>
            <line num="50" count="11" type="stmt"/>
            <line num="58" count="43" visibility="public" complexity="1" type="method" signature="PolygonalRegion()"/>
            <line num="65" count="28" visibility="public" complexity="1" type="method" signature="getPoints() : List&lt;TwoDLocation&gt;"/>
            <line num="66" count="28" type="stmt"/>
            <line num="70" count="22" visibility="public" complexity="1" type="method" signature="serialize(DataOutputStream) : void"/>
            <line num="72" count="22" type="stmt"/>
            <line num="75" count="43" visibility="public" complexity="1" type="method" signature="deserialize(DataInputStream) : void"/>
            <line num="78" count="43" type="stmt"/>
            <line num="82" count="5" visibility="public" complexity="2" type="method" signature="hashCode() : int"/>
            <line num="84" count="5" type="stmt"/>
            <line num="85" count="5" type="stmt"/>
            <line num="86" count="5" type="stmt"/>
            <line num="86" falsecount="5" type="cond" truecount="0"/>
            <line num="87" count="5" type="stmt"/>
            <line num="91" count="2" visibility="public" complexity="7" type="method" signature="equals(Object) : boolean"/>
            <line num="93" count="2" type="stmt"/>
            <line num="93" falsecount="2" type="cond" truecount="0"/>
            <line num="94" count="0" type="stmt"/>
            <line num="95" count="2" type="stmt"/>
            <line num="95" falsecount="2" type="cond" truecount="0"/>
            <line num="96" count="0" type="stmt"/>
            <line num="97" count="2" type="stmt"/>
            <line num="97" falsecount="2" type="cond" truecount="0"/>
            <line num="98" count="0" type="stmt"/>
            <line num="99" count="2" type="stmt"/>
            <line num="100" count="2" type="stmt"/>
            <line num="100" falsecount="2" type="cond" truecount="0"/>
            <line num="101" count="0" type="stmt"/>
            <line num="101" falsecount="0" type="cond" truecount="0"/>
            <line num="102" count="0" type="stmt"/>
            <line num="103" count="2" type="stmt"/>
            <line num="103" falsecount="1" type="cond" truecount="1"/>
            <line num="104" count="1" type="stmt"/>
            <line num="105" count="1" type="stmt"/>
            <line num="109" count="2" visibility="public" complexity="1" type="method" signature="toString() : String"/>
            <line num="111" count="2" type="stmt"/>
         </file>
         <file name="PublicKey.java" path="/usr/local/buildserver/apps/bambo/atlassian-bamboo-5.7.2/home/xml-data/build-dir/CCCOM-TTR-PTG/src/main/java/org/certificateservices/custom/c2x/its/datastructs/basic/PublicKey.java">
            <metrics classes="1" methods="11" conditionals="28" ncloc="91" coveredstatements="37" coveredmethods="11" complexity="25" coveredconditionals="20" statements="42" loc="173" coveredelements="68" elements="81"/>
            <class name="PublicKey">
               <metrics methods="11" conditionals="28" coveredstatements="37" coveredmethods="11" complexity="25" coveredconditionals="20" statements="42" coveredelements="68" elements="81"/>
            </class>
            <line num="57" count="89" visibility="public" complexity="1" type="method" signature="PublicKey(PublicKeyAlgorithm,EccPoint)"/>
            <line num="58" count="89" type="stmt"/>
            <line num="68" count="100" visibility="public" complexity="1" type="method" signature="PublicKey(PublicKeyAlgorithm,EccPoint,SymmetricAlgorithm)"/>
            <line num="69" count="100" type="stmt"/>
            <line num="70" count="100" type="stmt"/>
            <line num="71" count="100" type="stmt"/>
            <line num="80" count="144" visibility="public" complexity="1" type="method" signature="PublicKey()"/>
            <line num="86" count="28" visibility="public" complexity="1" type="method" signature="getPublicKeyAlgorithm() : PublicKeyAlgorithm"/>
            <line num="87" count="28" type="stmt"/>
            <line num="94" count="91" visibility="public" complexity="1" type="method" signature="getPublicKey() : EccPoint"/>
            <line num="95" count="91" type="stmt"/>
            <line num="101" count="6" visibility="public" complexity="2" type="method" signature="getSupportedSymmAlg() : SymmetricAlgorithm"/>
            <line num="102" count="6" type="stmt"/>
            <line num="102" falsecount="2" type="cond" truecount="4"/>
            <line num="103" count="4" type="stmt"/>
            <line num="105" count="2" type="stmt"/>
            <line num="109" count="316" visibility="public" complexity="2" type="method" signature="serialize(DataOutputStream) : void"/>
            <line num="111" count="316" type="stmt"/>
            <line num="112" count="316" type="stmt"/>
            <line num="112" falsecount="247" type="cond" truecount="69"/>
            <line num="113" count="69" type="stmt"/>
            <line num="115" count="316" type="stmt"/>
            <line num="118" count="143" visibility="public" complexity="2" type="method" signature="deserialize(DataInputStream) : void"/>
            <line num="120" count="143" type="stmt"/>
            <line num="121" count="143" type="stmt"/>
            <line num="121" falsecount="94" type="cond" truecount="49"/>
            <line num="122" count="49" type="stmt"/>
            <line num="124" count="143" type="stmt"/>
            <line num="125" count="143" type="stmt"/>
            <line num="128" count="15" visibility="public" complexity="4" type="method" signature="hashCode() : int"/>
            <line num="130" count="15" type="stmt"/>
            <line num="131" count="15" type="stmt"/>
            <line num="132" count="15" type="stmt"/>
            <line num="133" falsecount="15" type="cond" truecount="0"/>
            <line num="134" count="15" type="stmt"/>
            <line num="136" falsecount="15" type="cond" truecount="0"/>
            <line num="138" count="15" type="stmt"/>
            <line num="140" falsecount="1" type="cond" truecount="14"/>
            <line num="141" count="15" type="stmt"/>
            <line num="144" count="5" visibility="public" complexity="9" type="method" signature="equals(Object) : boolean"/>
            <line num="146" count="5" type="stmt"/>
            <line num="146" falsecount="4" type="cond" truecount="1"/>
            <line num="147" count="1" type="stmt"/>
            <line num="148" count="4" type="stmt"/>
            <line num="148" falsecount="4" type="cond" truecount="0"/>
            <line num="149" count="0" type="stmt"/>
            <line num="150" count="4" type="stmt"/>
            <line num="150" falsecount="4" type="cond" truecount="0"/>
            <line num="151" count="0" type="stmt"/>
            <line num="152" count="4" type="stmt"/>
            <line num="153" count="4" type="stmt"/>
            <line num="153" falsecount="4" type="cond" truecount="0"/>
            <line num="154" count="0" type="stmt"/>
            <line num="154" falsecount="0" type="cond" truecount="0"/>
            <line num="155" count="0" type="stmt"/>
            <line num="156" count="4" type="stmt"/>
            <line num="156" falsecount="2" type="cond" truecount="2"/>
            <line num="157" count="2" type="stmt"/>
            <line num="158" count="2" type="stmt"/>
            <line num="158" falsecount="1" type="cond" truecount="1"/>
            <line num="159" count="1" type="stmt"/>
            <line num="160" count="1" type="stmt"/>
            <line num="160" falsecount="1" type="cond" truecount="0"/>
            <line num="161" count="0" type="stmt"/>
            <line num="162" count="1" type="stmt"/>
            <line num="165" count="5" visibility="public" complexity="1" type="method" signature="toString() : String"/>
            <line num="167" count="5" type="stmt"/>
         </file>
         <file name="PublicKeyAlgorithm.java" path="/usr/local/buildserver/apps/bambo/atlassian-bamboo-5.7.2/home/xml-data/build-dir/CCCOM-TTR-PTG/src/main/java/org/certificateservices/custom/c2x/its/datastructs/basic/PublicKeyAlgorithm.java">
            <metrics classes="1" methods="5" conditionals="6" ncloc="35" coveredstatements="12" coveredmethods="5" complexity="8" coveredconditionals="5" statements="14" loc="84" coveredelements="22" elements="25"/>
            <class name="PublicKeyAlgorithm">
               <metrics methods="5" conditionals="6" coveredstatements="12" coveredmethods="5" complexity="8" coveredconditionals="5" statements="14" coveredelements="22" elements="25"/>
            </class>
            <line num="40" count="4" visibility="package" complexity="1" type="method" signature="PublicKeyAlgorithm(int,int,SymmetricAlgorithm)"/>
            <line num="41" count="4" type="stmt"/>
            <line num="42" count="4" type="stmt"/>
            <line num="43" count="4" type="stmt"/>
            <line num="46" count="546" visibility="public" complexity="1" type="method" signature="getByteValue() : int"/>
            <line num="47" count="546" type="stmt"/>
            <line num="51" count="2742" visibility="public" complexity="2" type="method" signature="getFieldSize() : int"/>
            <line num="52" count="2742" type="stmt"/>
            <line num="52" falsecount="2742" type="cond" truecount="0"/>
            <line num="53" count="0" type="stmt"/>
            <line num="55" count="2742" type="stmt"/>
            <line num="63" count="126" visibility="public" complexity="2" type="method" signature="getRelatedSymmetricAlgorithm() : SymmetricAlgorithm"/>
            <line num="64" count="126" type="stmt"/>
            <line num="64" falsecount="125" type="cond" truecount="1"/>
            <line num="65" count="1" type="stmt"/>
            <line num="67" count="125" type="stmt"/>
            <line num="73" count="267" visibility="public" complexity="2" type="method" signature="getByValue(int) : PublicKeyAlgorithm"/>
            <line num="74" count="267" type="stmt"/>
            <line num="75" count="332" type="stmt"/>
            <line num="75" falsecount="65" type="cond" truecount="267"/>
            <line num="76" count="267" type="stmt"/>
            <line num="79" count="0" type="stmt"/>
         </file>
         <file name="RectangularRegion.java" path="/usr/local/buildserver/apps/bambo/atlassian-bamboo-5.7.2/home/xml-data/build-dir/CCCOM-TTR-PTG/src/main/java/org/certificateservices/custom/c2x/its/datastructs/basic/RectangularRegion.java">
            <metrics classes="1" methods="9" conditionals="22" ncloc="69" coveredstatements="25" coveredmethods="7" complexity="20" coveredconditionals="11" statements="34" loc="128" coveredelements="43" elements="65"/>
            <class name="RectangularRegion">
               <metrics methods="9" conditionals="22" coveredstatements="25" coveredmethods="7" complexity="20" coveredconditionals="11" statements="34" coveredelements="43" elements="65"/>
            </class>
            <line num="40" count="17" visibility="public" complexity="1" type="method" signature="RectangularRegion(TwoDLocation,TwoDLocation)"/>
            <line num="41" count="17" type="stmt"/>
            <line num="42" count="17" type="stmt"/>
            <line num="50" count="3" visibility="public" complexity="1" type="method" signature="RectangularRegion()"/>
            <line num="57" count="0" visibility="public" complexity="1" type="method" signature="getNorthWest() : TwoDLocation"/>
            <line num="58" count="0" type="stmt"/>
            <line num="65" count="0" visibility="public" complexity="1" type="method" signature="getSouthEast() : TwoDLocation"/>
            <line num="66" count="0" type="stmt"/>
            <line num="69" count="3" visibility="public" complexity="1" type="method" signature="serialize(DataOutputStream) : void"/>
            <line num="71" count="3" type="stmt"/>
            <line num="72" count="3" type="stmt"/>
            <line num="75" count="3" visibility="public" complexity="1" type="method" signature="deserialize(DataInputStream) : void"/>
            <line num="77" count="3" type="stmt"/>
            <line num="78" count="3" type="stmt"/>
            <line num="79" count="3" type="stmt"/>
            <line num="80" count="3" type="stmt"/>
            <line num="84" count="8" visibility="public" complexity="3" type="method" signature="hashCode() : int"/>
            <line num="86" count="8" type="stmt"/>
            <line num="87" count="8" type="stmt"/>
            <line num="88" count="8" type="stmt"/>
            <line num="89" falsecount="8" type="cond" truecount="0"/>
            <line num="90" count="8" type="stmt"/>
            <line num="91" falsecount="8" type="cond" truecount="0"/>
            <line num="92" count="8" type="stmt"/>
            <line num="96" count="3" visibility="public" complexity="10" type="method" signature="equals(Object) : boolean"/>
            <line num="98" count="3" type="stmt"/>
            <line num="98" falsecount="3" type="cond" truecount="0"/>
            <line num="99" count="0" type="stmt"/>
            <line num="100" count="3" type="stmt"/>
            <line num="100" falsecount="3" type="cond" truecount="0"/>
            <line num="101" count="0" type="stmt"/>
            <line num="102" count="3" type="stmt"/>
            <line num="102" falsecount="3" type="cond" truecount="0"/>
            <line num="103" count="0" type="stmt"/>
            <line num="104" count="3" type="stmt"/>
            <line num="105" count="3" type="stmt"/>
            <line num="105" falsecount="3" type="cond" truecount="0"/>
            <line num="106" count="0" type="stmt"/>
            <line num="106" falsecount="0" type="cond" truecount="0"/>
            <line num="107" count="0" type="stmt"/>
            <line num="108" count="3" type="stmt"/>
            <line num="108" falsecount="2" type="cond" truecount="1"/>
            <line num="109" count="1" type="stmt"/>
            <line num="110" count="2" type="stmt"/>
            <line num="110" falsecount="2" type="cond" truecount="0"/>
            <line num="111" count="0" type="stmt"/>
            <line num="111" falsecount="0" type="cond" truecount="0"/>
            <line num="112" count="0" type="stmt"/>
            <line num="113" count="2" type="stmt"/>
            <line num="113" falsecount="1" type="cond" truecount="1"/>
            <line num="114" count="1" type="stmt"/>
            <line num="115" count="1" type="stmt"/>
            <line num="119" count="3" visibility="public" complexity="1" type="method" signature="toString() : String"/>
            <line num="121" count="3" type="stmt"/>
         </file>
         <file name="RegionDictionary.java" path="/usr/local/buildserver/apps/bambo/atlassian-bamboo-5.7.2/home/xml-data/build-dir/CCCOM-TTR-PTG/src/main/java/org/certificateservices/custom/c2x/its/datastructs/basic/RegionDictionary.java">
            <metrics classes="1" methods="3" conditionals="2" ncloc="19" coveredstatements="5" coveredmethods="3" complexity="4" coveredconditionals="2" statements="6" loc="59" coveredelements="10" elements="11"/>
            <class name="RegionDictionary">
               <metrics methods="3" conditionals="2" coveredstatements="5" coveredmethods="3" complexity="4" coveredconditionals="2" statements="6" coveredelements="10" elements="11"/>
            </class>
            <line num="39" count="2" visibility="package" complexity="1" type="method" signature="RegionDictionary(int)"/>
            <line num="40" count="2" type="stmt"/>
            <line num="43" count="9" visibility="public" complexity="1" type="method" signature="getByteValue() : int"/>
            <line num="44" count="9" type="stmt"/>
            <line num="50" count="8" visibility="public" complexity="2" type="method" signature="getByValue(int) : RegionDictionary"/>
            <line num="51" count="8" type="stmt"/>
            <line num="52" count="15" type="stmt"/>
            <line num="52" falsecount="7" type="cond" truecount="8"/>
            <line num="53" count="8" type="stmt"/>
            <line num="56" count="0" type="stmt"/>
         </file>
         <file name="RegionType.java" path="/usr/local/buildserver/apps/bambo/atlassian-bamboo-5.7.2/home/xml-data/build-dir/CCCOM-TTR-PTG/src/main/java/org/certificateservices/custom/c2x/its/datastructs/basic/RegionType.java">
            <metrics classes="1" methods="3" conditionals="2" ncloc="22" coveredstatements="5" coveredmethods="3" complexity="4" coveredconditionals="2" statements="6" loc="63" coveredelements="10" elements="11"/>
            <class name="RegionType">
               <metrics methods="3" conditionals="2" coveredstatements="5" coveredmethods="3" complexity="4" coveredconditionals="2" statements="6" coveredelements="10" elements="11"/>
            </class>
            <line num="43" count="5" visibility="package" complexity="1" type="method" signature="RegionType(int)"/>
            <line num="44" count="5" type="stmt"/>
            <line num="47" count="42" visibility="public" complexity="1" type="method" signature="getByteValue() : int"/>
            <line num="48" count="42" type="stmt"/>
            <line num="54" count="56" visibility="public" complexity="2" type="method" signature="getByValue(int) : RegionType"/>
            <line num="55" count="56" type="stmt"/>
            <line num="56" count="216" type="stmt"/>
            <line num="56" falsecount="160" type="cond" truecount="56"/>
            <line num="57" count="56" type="stmt"/>
            <line num="60" count="0" type="stmt"/>
         </file>
         <file name="Signature.java" path="/usr/local/buildserver/apps/bambo/atlassian-bamboo-5.7.2/home/xml-data/build-dir/CCCOM-TTR-PTG/src/main/java/org/certificateservices/custom/c2x/its/datastructs/basic/Signature.java">
            <metrics classes="1" methods="7" conditionals="6" ncloc="45" coveredstatements="14" coveredmethods="7" complexity="10" coveredconditionals="4" statements="14" loc="102" coveredelements="25" elements="27"/>
            <class name="Signature">
               <metrics methods="7" conditionals="6" coveredstatements="14" coveredmethods="7" complexity="10" coveredconditionals="4" statements="14" coveredelements="25" elements="27"/>
            </class>
            <line num="46" count="98" visibility="public" complexity="2" type="method" signature="Signature(PublicKeyAlgorithm,EcdsaSignature)"/>
            <line num="47" count="98" type="stmt"/>
            <line num="47" falsecount="97" type="cond" truecount="1"/>
            <line num="48" count="1" type="stmt"/>
            <line num="50" count="97" type="stmt"/>
            <line num="51" count="97" type="stmt"/>
            <line num="60" count="107" visibility="public" complexity="1" type="method" signature="Signature()"/>
            <line num="66" count="193" visibility="public" complexity="1" type="method" signature="getPublicKeyAlgorithm() : PublicKeyAlgorithm"/>
            <line num="67" count="193" type="stmt"/>
            <line num="73" count="89" visibility="public" complexity="1" type="method" signature="getSignatureValue() : EcdsaSignature"/>
            <line num="74" count="89" type="stmt"/>
            <line num="78" count="198" visibility="public" complexity="2" type="method" signature="serialize(DataOutputStream) : void"/>
            <line num="80" count="198" type="stmt"/>
            <line num="81" count="198" type="stmt"/>
            <line num="81" falsecount="0" type="cond" truecount="198"/>
            <line num="82" count="198" type="stmt"/>
            <line num="86" count="106" visibility="public" complexity="2" type="method" signature="deserialize(DataInputStream) : void"/>
            <line num="88" count="106" type="stmt"/>
            <line num="89" count="106" type="stmt"/>
            <line num="89" falsecount="0" type="cond" truecount="106"/>
            <line num="90" count="106" type="stmt"/>
            <line num="91" count="106" type="stmt"/>
            <line num="95" count="5" visibility="public" complexity="1" type="method" signature="toString() : String"/>
            <line num="97" count="5" type="stmt"/>
         </file>
         <file name="SignerInfo.java" path="/usr/local/buildserver/apps/bambo/atlassian-bamboo-5.7.2/home/xml-data/build-dir/CCCOM-TTR-PTG/src/main/java/org/certificateservices/custom/c2x/its/datastructs/basic/SignerInfo.java">
            <metrics classes="1" methods="15" conditionals="38" ncloc="169" coveredstatements="85" coveredmethods="15" complexity="49" coveredconditionals="23" statements="105" loc="282" coveredelements="123" elements="158"/>
            <class name="SignerInfo">
               <metrics methods="15" conditionals="38" coveredstatements="85" coveredmethods="15" complexity="49" coveredconditionals="23" statements="105" coveredelements="123" elements="158"/>
            </class>
            <line num="55" count="161" visibility="public" complexity="1" type="method" signature="SignerInfo()"/>
            <line num="56" count="161" type="stmt"/>
            <line num="63" count="25" visibility="public" complexity="1" type="method" signature="SignerInfo(HashedId8)"/>
            <line num="64" count="25" type="stmt"/>
            <line num="65" count="25" type="stmt"/>
            <line num="72" count="40" visibility="public" complexity="1" type="method" signature="SignerInfo(Certificate)"/>
            <line num="73" count="40" type="stmt"/>
            <line num="74" count="40" type="stmt"/>
            <line num="84" count="9" visibility="public" complexity="1" type="method" signature="SignerInfo(List&lt;Certificate&gt;)"/>
            <line num="85" count="9" type="stmt"/>
            <line num="86" count="9" type="stmt"/>
            <line num="96" count="5" visibility="public" complexity="1" type="method" signature="SignerInfo(PublicKeyAlgorithm,HashedId8)"/>
            <line num="97" count="5" type="stmt"/>
            <line num="98" count="5" type="stmt"/>
            <line num="99" count="5" type="stmt"/>
            <line num="109" count="65" visibility="public" complexity="1" type="method" signature="getSignerInfoType() : SignerInfoType"/>
            <line num="110" count="65" type="stmt"/>
            <line num="118" count="9" visibility="public" complexity="1" type="method" signature="getDigest() : HashedId8"/>
            <line num="119" count="9" type="stmt"/>
            <line num="127" count="22" visibility="public" complexity="1" type="method" signature="getCertificate() : Certificate"/>
            <line num="128" count="22" type="stmt"/>
            <line num="139" count="20" visibility="public" complexity="1" type="method" signature="getCertificateChain() : List&lt;Certificate&gt;"/>
            <line num="140" count="20" type="stmt"/>
            <line num="148" count="2" visibility="public" complexity="1" type="method" signature="getPublicKeyAlgorithm() : PublicKeyAlgorithm"/>
            <line num="149" count="2" type="stmt"/>
            <line num="152" count="299" visibility="public" complexity="6" type="method" signature="serialize(DataOutputStream) : void"/>
            <line num="154" count="299" type="stmt"/>
[...]
            <line num="320" count="4" type="stmt"/>
            <line num="321" count="4" type="stmt"/>
            <line num="322" count="4" type="stmt"/>
            <line num="323" count="4" type="stmt"/>
            <line num="324" count="4" type="stmt"/>
            <line num="326" count="4" type="stmt"/>
            <line num="335" count="1" visibility="public" complexity="1" type="method" signature="$spock_feature_1_13(def) : void"/>
            <line num="337" count="1" type="stmt"/>
            <line num="338" count="1" type="stmt"/>
            <line num="340" count="1" type="stmt"/>
            <line num="342" count="1" type="stmt"/>
            <line num="347" count="1" visibility="private" complexity="1" type="method" signature="field sig_x_only()"/>
            <line num="348" count="1" visibility="private" complexity="1" type="method" signature="field sig_compressed_y_1()"/>
            <line num="349" count="1" visibility="private" complexity="1" type="method" signature="field sig_compressed_y_0()"/>
            <line num="350" count="1" visibility="private" complexity="1" type="method" signature="field sig_uncompressed()"/>
            <line num="351" count="5" visibility="public" complexity="1" type="method" signature="$spock_feature_1_14(def,def,def,def) : void"/>
            <line num="354" count="5" type="stmt"/>
            <line num="355" count="5" type="stmt"/>
            <line num="357" count="5" type="stmt"/>
            <line num="358" count="5" type="stmt"/>
            <line num="360" count="5" type="stmt"/>
            <line num="370" count="1" visibility="private" complexity="1" type="method" signature="field payload_signed()"/>
            <line num="371" count="1" visibility="private" complexity="1" type="method" signature="field payload_unsecured()"/>
            <line num="372" count="1" visibility="private" complexity="1" type="method" signature="field payload_encrypted()"/>
            <line num="373" count="1" visibility="private" complexity="1" type="method" signature="field payload_signed_and_encrypted()"/>
            <line num="374" count="1" visibility="private" complexity="1" type="method" signature="field payload_signed_external()"/>
            <line num="376" count="1" visibility="public" complexity="1" type="method" signature="$spock_feature_1_15() : void"/>
            <line num="378" count="1" type="stmt"/>
            <line num="379" count="1" type="stmt"/>
            <line num="381" count="1" type="stmt"/>
            <line num="382" count="1" type="stmt"/>
            <line num="384" count="1" type="stmt"/>
            <line num="388" count="1" visibility="public" complexity="1" type="method" signature="$spock_feature_1_16() : void"/>
            <line num="390" count="1" type="stmt"/>
            <line num="392" count="1" type="stmt"/>
            <line num="394" count="1" type="stmt"/>
            <line num="396" count="1" type="stmt"/>
            <line num="400" count="1" visibility="public" complexity="1" type="method" signature="$spock_feature_1_17() : void"/>
            <line num="402" count="1" type="stmt"/>
            <line num="405" count="1" visibility="public" complexity="1" type="method" signature="$spock_feature_1_18() : void"/>
            <line num="407" count="1" type="stmt"/>
            <line num="408" count="1" type="stmt"/>
            <line num="409" count="1" type="stmt"/>
            <line num="410" count="1" type="stmt"/>
            <line num="411" count="1" type="stmt"/>
            <line num="412" count="1" type="stmt"/>
            <line num="414" count="1" type="stmt"/>
            <line num="416" count="1" type="stmt"/>
            <line num="420" count="2" visibility="public" complexity="3" type="method" signature="$spock_feature_1_19(def) : void"/>
            <line num="424" count="2" type="stmt"/>
            <line num="425" count="2" type="stmt"/>
            <line num="427" count="2" type="stmt"/>
            <line num="429" count="2" type="stmt"/>
            <line num="431" count="2" type="stmt"/>
            <line num="431" falsecount="1" type="cond" truecount="1"/>
            <line num="432" count="1" type="stmt"/>
            <line num="434" count="1" type="stmt"/>
            <line num="438" count="2" type="stmt"/>
            <line num="440" count="2" type="stmt"/>
            <line num="449" count="1" visibility="public" complexity="1" type="method" signature="$spock_feature_1_20() : void"/>
            <line num="451" count="1" type="stmt"/>
            <line num="452" count="1" type="stmt"/>
            <line num="453" count="1" type="stmt"/>
            <line num="454" count="1" type="stmt"/>
            <line num="456" count="1" type="stmt"/>
            <line num="458" count="1" type="stmt"/>
            <line num="459" count="1" type="stmt"/>
            <line num="460" count="1" type="stmt"/>
            <line num="462" count="1" type="stmt"/>
            <line num="464" count="1" type="stmt"/>
            <line num="467" count="1" visibility="public" complexity="1" type="method" signature="$spock_feature_1_21() : void"/>
            <line num="469" count="1" type="stmt"/>
            <line num="470" count="1" type="stmt"/>
            <line num="471" count="1" type="stmt"/>
            <line num="472" count="1" type="stmt"/>
            <line num="473" count="1" type="stmt"/>
            <line num="474" count="1" type="stmt"/>
            <line num="475" count="1" type="stmt"/>
            <line num="477" count="1" type="stmt"/>
            <line num="478" count="1" type="stmt"/>
            <line num="481" count="1" type="stmt"/>
            <line num="482" count="1" type="stmt"/>
            <line num="484" count="1" type="stmt"/>
            <line num="485" count="1" type="stmt"/>
            <line num="488" count="1" visibility="public" complexity="1" type="method" signature="$spock_feature_1_22() : void"/>
            <line num="490" count="1" type="stmt"/>
            <line num="495" count="1" type="stmt"/>
            <line num="497" count="1" type="stmt"/>
            <line num="498" count="1" type="stmt"/>
            <line num="499" count="1" type="stmt"/>
            <line num="500" count="1" type="stmt"/>
            <line num="502" count="1" type="stmt"/>
            <line num="503" count="1" type="stmt"/>
            <line num="504" count="1" type="stmt"/>
            <line num="505" count="1" type="stmt"/>
            <line num="506" count="1" type="stmt"/>
            <line num="507" count="1" type="stmt"/>
            <line num="508" count="1" type="stmt"/>
            <line num="511" count="1" type="stmt"/>
            <line num="513" count="1" type="stmt"/>
            <line num="514" count="1" type="stmt"/>
            <line num="515" count="1" type="stmt"/>
            <line num="516" count="1" type="stmt"/>
            <line num="518" count="1" type="stmt"/>
            <line num="519" count="1" type="stmt"/>
            <line num="520" count="1" type="stmt"/>
            <line num="521" count="1" type="stmt"/>
            <line num="522" count="1" type="stmt"/>
            <line num="523" count="1" type="stmt"/>
            <line num="524" count="1" type="stmt"/>
            <line num="527" count="1" type="stmt"/>
            <line num="529" count="1" type="stmt"/>
            <line num="530" count="1" type="stmt"/>
            <line num="531" count="1" type="stmt"/>
            <line num="532" count="1" type="stmt"/>
            <line num="534" count="1" type="stmt"/>
            <line num="535" count="1" type="stmt"/>
            <line num="536" count="1" type="stmt"/>
            <line num="537" count="1" type="stmt"/>
            <line num="538" count="1" type="stmt"/>
            <line num="539" count="1" type="stmt"/>
            <line num="540" count="1" type="stmt"/>
            <line num="543" count="1" type="stmt"/>
            <line num="545" count="1" type="stmt"/>
            <line num="548" count="1" type="stmt"/>
            <line num="549" count="1" type="stmt"/>
            <line num="551" count="1" type="stmt"/>
            <line num="554" count="1" type="stmt"/>
            <line num="556" count="1" type="stmt"/>
            <line num="560" count="1" visibility="public" complexity="1" type="method" signature="$spock_feature_1_23() : void"/>
            <line num="562" count="1" type="stmt"/>
            <line num="565" count="1" type="stmt"/>
            <line num="567" count="1" type="stmt"/>
            <line num="568" count="1" type="stmt"/>
            <line num="569" count="1" type="stmt"/>
            <line num="570" count="1" type="stmt"/>
            <line num="571" count="1" type="stmt"/>
            <line num="572" count="1" type="stmt"/>
            <line num="573" count="1" type="stmt"/>
            <line num="574" count="1" type="stmt"/>
            <line num="575" count="1" type="stmt"/>
            <line num="578" count="1" type="stmt"/>
            <line num="580" count="1" type="stmt"/>
            <line num="581" count="1" type="stmt"/>
            <line num="583" count="1" type="stmt"/>
            <line num="585" count="1" type="stmt"/>
            <line num="586" count="1" type="stmt"/>
            <line num="588" count="1" type="stmt"/>
            <line num="589" count="1" type="stmt"/>
            <line num="591" count="1" type="stmt"/>
            <line num="596" count="1" visibility="public" complexity="1" type="method" signature="$spock_feature_1_24() : void"/>
            <line num="598" count="1" type="stmt"/>
            <line num="601" count="1" type="stmt"/>
            <line num="603" count="1" type="stmt"/>
            <line num="604" count="1" type="stmt"/>
            <line num="605" count="1" type="stmt"/>
            <line num="608" count="1" type="stmt"/>
            <line num="610" count="1" type="stmt"/>
            <line num="611" count="1" type="stmt"/>
            <line num="612" count="1" type="stmt"/>
            <line num="613" count="1" type="stmt"/>
            <line num="616" count="1" type="stmt"/>
            <line num="618" count="1" type="stmt"/>
            <line num="619" count="1" type="stmt"/>
            <line num="620" count="1" type="stmt"/>
            <line num="621" count="1" type="stmt"/>
            <line num="622" count="1" type="stmt"/>
            <line num="626" count="1" visibility="public" complexity="1" type="method" signature="$spock_feature_1_25() : void"/>
            <line num="628" count="1" type="stmt"/>
            <line num="633" count="1" type="stmt"/>
            <line num="634" count="1" type="stmt"/>
            <line num="635" count="1" type="stmt"/>
            <line num="637" count="1" type="stmt"/>
            <line num="638" count="1" type="stmt"/>
            <line num="639" count="1" type="stmt"/>
            <line num="641" count="1" type="stmt"/>
            <line num="643" count="1" type="stmt"/>
            <line num="645" count="1" type="stmt"/>
            <line num="649" count="1" visibility="public" complexity="1" type="method" signature="$spock_feature_1_26() : void"/>
            <line num="651" count="1" type="stmt"/>
            <line num="652" count="1" type="stmt"/>
            <line num="653" count="1" type="stmt"/>
            <line num="657" count="1" type="stmt"/>
            <line num="659" count="1" type="stmt"/>
            <line num="662" count="1" type="stmt"/>
            <line num="664" count="1" type="stmt"/>
            <line num="668" count="1" visibility="public" complexity="1" type="method" signature="$spock_feature_1_27() : void"/>
            <line num="670" count="1" type="stmt"/>
            <line num="671" count="1" type="stmt"/>
            <line num="672" count="1" type="stmt"/>
            <line num="676" count="1" visibility="private" complexity="1" type="method" signature="field externalSecureMessage1()"/>
            <line num="677" count="1" visibility="private" complexity="1" type="method" signature="field externalSecureMessage2()"/>
            <line num="678" count="1" visibility="private" complexity="1" type="method" signature="field externalSecureMessage3()"/>
            <line num="680" count="8" visibility="private" complexity="1" type="method" signature="constructKey(BigInteger,BigInteger) : ECPublicKey"/>
            <line num="681" count="8" type="stmt"/>
            <line num="682" count="8" type="stmt"/>
            <line num="683" count="8" type="stmt"/>
            <line num="684" count="8" type="stmt"/>
            <line num="687" count="4" visibility="private" complexity="1" type="method" signature="getTestRootCertificate() : Certificate"/>
            <line num="688" count="4" type="stmt"/>
            <line num="689" count="4" type="stmt"/>
            <line num="690" count="4" type="stmt"/>
            <line num="693" count="9" visibility="private" complexity="1" type="method" signature="getTestAACertificate() : Certificate"/>
            <line num="694" count="9" type="stmt"/>
            <line num="695" count="9" type="stmt"/>
            <line num="696" count="9" type="stmt"/>
            <line num="699" count="15" visibility="private" complexity="1" type="method" signature="getTestATCertificate() : Certificate"/>
            <line num="700" count="15" type="stmt"/>
            <line num="701" count="15" type="stmt"/>
            <line num="702" count="15" type="stmt"/>
            <line num="705" count="3" visibility="private" complexity="7" type="method" signature="genSecuredMessage(SignerInfoType,Certificate,byte[],PayloadType) : SecuredMessage"/>
            <line num="706" count="3" type="stmt"/>
            <line num="706" falsecount="3" type="cond" truecount="0"/>
            <line num="707" count="0" type="stmt"/>
            <line num="710" count="3" type="stmt"/>
            <line num="711" count="3" type="stmt"/>
            <line num="712" count="3" type="stmt"/>
            <line num="714" count="3" type="stmt"/>
            <line num="715" count="3" type="stmt"/>
            <line num="715" falsecount="3" type="cond" truecount="0"/>
            <line num="716" count="0" type="stmt"/>
            <line num="718" count="3" type="stmt"/>
            <line num="721" count="3" type="stmt"/>
         </file>
         <file name="DefaultCryptoManagerParamsSpec.groovy" path="/usr/local/buildserver/apps/bambo/atlassian-bamboo-5.7.2/home/xml-data/build-dir/CCCOM-TTR-PTG/src/test/groovy/org/certificateservices/custom/c2x/its/crypto/DefaultCryptoManagerParamsSpec.groovy">
            <metrics classes="1" methods="1" conditionals="0" ncloc="0" coveredstatements="1" coveredmethods="1" complexity="1" coveredconditionals="0" statements="1" loc="30" coveredelements="2" elements="2"/>
            <class name="DefaultCryptoManagerParamsSpec">
               <metrics conditionals="0" methods="1" coveredstatements="1" complexity="1" testpasses="1" testruns="1" coveredmethods="1" coveredconditionals="0" statements="1" testfailures="0" coveredelements="2" testduration="0.001" elements="2"/>
            </class>
            <line num="26" count="1" visibility="public" complexity="1" type="method" signature="$spock_feature_0_0() : void"/>
            <line num="28" count="1" type="stmt"/>
         </file>
      </package>
      <package name="org.certificateservices.custom.c2x.its">
         <metrics classes="1" methods="1" conditionals="10" files="1" ncloc="159" coveredstatements="59" coveredmethods="1" complexity="6" coveredconditionals="5" statements="59" loc="277" coveredelements="65" elements="70"/>
         <file name="ITSDemo.java" path="/usr/local/buildserver/apps/bambo/atlassian-bamboo-5.7.2/home/xml-data/build-dir/CCCOM-TTR-PTG/src/test/java/org/certificateservices/custom/c2x/its/ITSDemo.java">
            <metrics classes="1" methods="1" conditionals="10" ncloc="159" coveredstatements="59" coveredmethods="1" complexity="6" coveredconditionals="5" statements="59" loc="277" coveredelements="65" elements="70"/>
            <class name="ITSDemo">
               <metrics methods="1" conditionals="10" coveredstatements="59" coveredmethods="1" complexity="6" coveredconditionals="5" statements="59" coveredelements="65" elements="70"/>
            </class>
            <line num="47" count="1" visibility="public" complexity="6" type="method" signature="demoGenerateCAHierarchyAndSecureMessages() : void"/>
            <line num="51" count="1" type="stmt"/>
            <line num="53" count="1" type="stmt"/>
            <line num="58" count="1" type="stmt"/>
            <line num="61" count="1" type="stmt"/>
            <line num="64" count="1" type="stmt"/>
            <line num="65" count="1" type="stmt"/>
            <line num="68" count="1" type="stmt"/>
            <line num="82" count="1" type="stmt"/>
            <line num="85" count="1" type="stmt"/>
            <line num="86" count="1" type="stmt"/>
            <line num="89" count="1" type="stmt"/>
            <line num="105" count="1" type="stmt"/>
            <line num="108" count="1" type="stmt"/>
            <line num="109" count="1" type="stmt"/>
            <line num="112" count="1" type="stmt"/>
            <line num="130" count="1" type="stmt"/>
            <line num="132" count="1" type="stmt"/>
            <line num="134" count="1" type="stmt"/>
            <line num="137" count="1" type="stmt"/>
            <line num="138" count="1" type="stmt"/>
            <line num="140" count="1" type="stmt"/>
            <line num="157" count="1" type="stmt"/>
            <line num="160" count="1" type="stmt"/>
            <line num="163" count="1" type="stmt"/>
            <line num="166" count="1" type="stmt"/>
            <line num="167" count="1" type="stmt"/>
            <line num="169" count="1" type="stmt"/>
            <line num="185" count="1" type="stmt"/>
            <line num="188" count="1" type="stmt"/>
            <line num="192" count="1" type="stmt"/>
            <line num="195" count="1" type="stmt"/>
            <line num="197" count="1" type="stmt"/>
            <line num="199" count="1" type="stmt"/>
            <line num="200" count="1" type="stmt"/>
            <line num="201" count="1" type="stmt"/>
            <line num="204" count="1" type="stmt"/>
            <line num="205" count="1" type="stmt"/>
            <line num="210" count="1" type="stmt"/>
            <line num="211" count="1" type="stmt"/>
            <line num="212" count="1" type="stmt"/>
            <line num="213" count="1" type="stmt"/>
            <line num="216" count="1" type="stmt"/>
            <line num="218" count="1" type="stmt"/>
            <line num="220" count="1" type="stmt"/>
            <line num="223" count="1" type="stmt"/>
            <line num="224" count="1" type="stmt"/>
            <line num="227" count="1" type="stmt"/>
            <line num="230" falsecount="0" type="cond" truecount="1"/>
            <line num="233" count="1" type="stmt"/>
            <line num="236" falsecount="0" type="cond" truecount="1"/>
            <line num="242" count="1" type="stmt"/>
            <line num="243" count="1" type="stmt"/>
            <line num="244" count="1" type="stmt"/>
            <line num="245" count="1" type="stmt"/>
            <line num="248" count="1" type="stmt"/>
            <line num="250" count="1" type="stmt"/>
            <line num="252" count="1" type="stmt"/>
            <line num="254" count="1" type="stmt"/>
            <line num="260" falsecount="0" type="cond" truecount="1"/>
            <line num="262" falsecount="0" type="cond" truecount="1"/>
            <line num="266" count="1" type="stmt"/>
            <line num="267" falsecount="0" type="cond" truecount="1"/>
            <line num="271" count="1" type="stmt"/>
            <line num="274" count="1" type="stmt"/>
         </file>
      </package>
   </testproject>
</coverage>